2026-02-27 00:55:43,521 - INFO - PIPELINE START: Scientific Integrity Enforcement Enabled.
2026-02-27 00:55:44,533 - INFO - Extracted 20 frames for reconstruction.
2026-02-27 00:55:44,533 - INFO - Executing SfM pipeline (Reconstruction)...
2026-02-27 00:55:49,250 - ERROR - FATAL: COLMAP execution failed: Command '['C:\\Users\\ravur\\PERSONAL\\Desktop\\BVRIT-COLLEGE\\software\\colmap-x64-windows-cuda\\bin\\colmap.exe', 'mapper', '--database_path', 'sci_results\\database.db', '--image_path', 'sci_results\\frames', '--output_path', 'sci_results\\sparse', '--Mapper.min_num_matches', '15', '--Mapper.ba_global_images_ratio', '1.1']' returned non-zero exit status 1.
2026-02-27 00:58:52,664 - INFO - PIPELINE START: Scientific Integrity Enforcement Enabled.
2026-02-27 00:58:53,676 - INFO - Extracted 20 frames for reconstruction.
2026-02-27 00:58:53,676 - INFO - Executing SfM pipeline (Reconstruction)...
2026-02-27 00:58:55,583 - ERROR - FATAL: COLMAP execution failed: Command '['C:\\Users\\ravur\\PERSONAL\\Desktop\\BVRIT-COLLEGE\\software\\colmap-x64-windows-cuda\\bin\\colmap.exe', 'mapper', '--database_path', 'sci_results\\database.db', '--image_path', 'sci_results\\frames', '--output_path', 'sci_results\\sparse', '--Mapper.min_num_matches', '15', '--Mapper.ba_global_images_ratio', '1.1']' returned non-zero exit status 1.
2026-02-27 00:59:32,736 - INFO - PIPELINE START: Scientific Integrity Enforcement Enabled.
2026-02-27 00:59:33,647 - INFO - Extracted 20 frames for reconstruction.
2026-02-27 00:59:33,647 - INFO - Executing SfM pipeline (Reconstruction)...
2026-02-27 01:00:42,921 - WARNING - Scientific Alert: Low sparse point density (442 pts). Reconstruction may be unreliable.
2026-02-27 01:00:42,921 - WARNING - Scientific Alert: Low localization rate (2 frames). Geometric consistency likely poor.
2026-02-27 01:00:42,924 - INFO - Fusing semantic detections with triangulated 3D points...
2026-02-27 01:00:46,980 - DEBUG - Discarding detection for keyboard due to insufficient geometric support.
2026-02-27 01:00:46,980 - DEBUG - Discarding detection for chair due to insufficient geometric support.
2026-02-27 01:00:46,980 - DEBUG - Discarding detection for person due to insufficient geometric support.
2026-02-27 01:00:46,983 - DEBUG - Discarding detection for chair due to insufficient geometric support.
2026-04-27 10:01:59,020 - INFO - PIPELINE START: Scientific Integrity Enforcement Enabled.
2026-04-27 10:01:59,148 - INFO - Attempting reconstruction (Attempt 1/2, Sampling: 10)...
2026-04-27 10:01:59,900 - INFO - Extracted 20 frames for reconstruction.
2026-04-27 10:01:59,902 - INFO - Executing Optimized SfM pipeline...
2026-04-27 10:01:59,902 - INFO - Filtering blurry frames before SfM...
2026-04-27 10:02:00,472 - INFO - Removed 3 blurry frames.
2026-04-27 10:03:04,428 - INFO - Raw MRE: 0.5170 px
2026-04-27 10:03:04,429 - INFO - Filtered MRE (<3.0px): 0.5170 px
2026-04-27 10:03:04,429 - INFO - Successful reconstruction with 1248 points.
2026-04-27 10:03:06,910 - INFO - Fusing semantic detections with triangulated 3D points...
2026-04-27 10:03:10,476 - DEBUG - Discarding detection for keyboard due to insufficient geometric support.
2026-04-27 10:03:10,608 - DEBUG - Discarding detection for chair due to insufficient geometric support.
2026-04-27 10:03:10,907 - INFO - Exported quantitative results to sci_results\out_Imgs\quantitative_results.json
2026-04-27 10:05:30,045 - INFO - Saved chatbot query examples to sci_results\out_Imgs\chatbot_queries.json
2026-04-27 10:05:36,943 - INFO - PIPELINE START: Scientific Integrity Enforcement Enabled.
2026-04-27 10:05:37,021 - INFO - Attempting reconstruction (Attempt 1/2, Sampling: 10)...
2026-04-27 10:05:37,469 - INFO - Extracted 20 frames for reconstruction.
2026-04-27 10:05:37,469 - INFO - Executing Optimized SfM pipeline...
2026-04-27 10:05:37,469 - INFO - Filtering blurry frames before SfM...
2026-04-27 10:05:37,873 - INFO - Removed 3 blurry frames.
2026-04-27 10:06:39,898 - WARNING - No 3D points found in reconstruction.
2026-04-27 10:06:39,898 - WARNING - Insufficient reconstruction (0 points).
2026-04-27 10:06:39,898 - INFO - Increasing frame density to 5...
2026-04-27 10:06:39,898 - INFO - Attempting reconstruction (Attempt 2/2, Sampling: 5)...
2026-04-27 10:06:40,433 - INFO - Extracted 39 frames for reconstruction.
2026-04-27 10:06:40,433 - INFO - Executing Optimized SfM pipeline...
2026-04-27 10:06:40,433 - INFO - Filtering blurry frames before SfM...
2026-04-27 10:06:41,315 - INFO - Removed 6 blurry frames.
2026-04-27 10:09:16,372 - INFO - Raw MRE: 1.2443 px
2026-04-27 10:09:16,372 - INFO - Filtered MRE (<3.0px): 1.2385 px
2026-04-27 10:09:16,372 - INFO - Successful reconstruction with 19846 points.
2026-04-27 10:09:17,086 - INFO - Fusing semantic detections with triangulated 3D points...
2026-04-27 10:09:20,656 - DEBUG - Discarding detection for mouse due to insufficient geometric support.
2026-04-27 10:09:21,479 - INFO - Exported quantitative results to sci_results\out_Imgs\quantitative_results.json
2026-04-27 10:18:21,696 - INFO - PIPELINE START: Scientific Integrity Enforcement Enabled.
2026-04-27 10:18:21,763 - INFO - Attempting reconstruction (Attempt 1/2, Sampling: 10)...
2026-04-27 10:18:22,440 - INFO - Extracted 20 frames for reconstruction.
2026-04-27 10:18:22,440 - INFO - Executing Optimized SfM pipeline...
2026-04-27 10:18:22,441 - INFO - Filtering blurry frames before SfM...
2026-04-27 10:18:22,967 - INFO - Removed 3 blurry frames.
2026-04-27 10:19:26,618 - INFO - Raw MRE: 1.1441 px
2026-04-27 10:19:26,618 - INFO - Filtered MRE (<3.0px): 1.1405 px
2026-04-27 10:19:26,618 - INFO - Successful reconstruction with 11827 points.
2026-04-27 10:19:29,860 - INFO - Fusing semantic detections with triangulated 3D points...
2026-04-27 10:19:33,840 - DEBUG - Discarding detection for mouse due to insufficient geometric support.
2026-04-27 10:19:33,957 - DEBUG - Discarding detection for mouse due to insufficient geometric support.
2026-04-27 10:19:34,085 - DEBUG - Discarding detection for mouse due to insufficient geometric support.
2026-04-27 10:19:34,240 - DEBUG - Discarding detection for mouse due to insufficient geometric support.
2026-04-27 10:19:35,051 - INFO - Exported quantitative results to sci_results\out_Imgs\quantitative_results.json
2026-04-27 10:22:59,072 - INFO - Saved chatbot query examples to sci_results\out_Imgs\chatbot_queries.json
2026-04-27 10:23:25,644 - INFO - PIPELINE START: Scientific Integrity Enforcement Enabled.
2026-04-27 10:23:25,698 - INFO - Attempting reconstruction (Attempt 1/2, Sampling: 10)...
2026-04-27 10:23:26,165 - INFO - Extracted 20 frames for reconstruction.
2026-04-27 10:23:26,165 - INFO - Executing Optimized SfM pipeline...
2026-04-27 10:23:26,165 - INFO - Filtering blurry frames before SfM...
2026-04-27 10:23:26,643 - INFO - Removed 3 blurry frames.
2026-04-27 10:24:38,940 - INFO - Raw MRE: 0.5970 px
2026-04-27 10:24:38,940 - INFO - Filtered MRE (<3.0px): 0.5961 px
2026-04-27 10:24:38,940 - INFO - Successful reconstruction with 3142 points.
2026-04-27 10:24:39,393 - INFO - Fusing semantic detections with triangulated 3D points...
2026-04-27 10:24:42,437 - DEBUG - Discarding detection for mouse due to insufficient geometric support.
2026-04-27 10:24:42,553 - DEBUG - Discarding detection for mouse due to insufficient geometric support.
2026-04-27 10:24:42,668 - DEBUG - Discarding detection for mouse due to insufficient geometric support.
2026-04-27 10:24:43,159 - INFO - Exported quantitative results to sci_results\out_Imgs\quantitative_results.json
2026-04-27 10:24:53,398 - INFO - Saved chatbot query examples to sci_results\out_Imgs\chatbot_queries.json
2026-04-27 10:25:00,772 - INFO - PIPELINE START: Scientific Integrity Enforcement Enabled.
2026-04-27 10:25:00,819 - INFO - Attempting reconstruction (Attempt 1/2, Sampling: 10)...
2026-04-27 10:25:01,308 - INFO - Extracted 20 frames for reconstruction.
2026-04-27 10:25:01,308 - INFO - Executing Optimized SfM pipeline...
2026-04-27 10:25:01,308 - INFO - Filtering blurry frames before SfM...
2026-04-27 10:25:01,865 - INFO - Removed 3 blurry frames.
2026-04-27 10:26:16,507 - INFO - Raw MRE: 0.5913 px
2026-04-27 10:26:16,507 - INFO - Filtered MRE (<3.0px): 0.5903 px
2026-04-27 10:26:16,511 - INFO - Successful reconstruction with 3134 points.
2026-04-27 10:26:16,898 - INFO - Fusing semantic detections with triangulated 3D points...
2026-04-27 10:26:19,590 - DEBUG - Discarding detection for mouse due to insufficient geometric support.
2026-04-27 10:26:19,708 - DEBUG - Discarding detection for mouse due to insufficient geometric support.
2026-04-27 10:26:19,832 - DEBUG - Discarding detection for mouse due to insufficient geometric support.
2026-04-27 10:26:20,278 - INFO - Exported quantitative results to sci_results\out_Imgs\quantitative_results.json
2026-04-27 10:30:05,543 - INFO - Saved chatbot query examples to sci_results\out_Imgs\chatbot_queries.json
2026-04-27 10:30:11,277 - INFO - PIPELINE START: Scientific Integrity Enforcement Enabled.
2026-04-27 10:30:11,321 - INFO - Attempting reconstruction (Attempt 1/2, Sampling: 10)...
2026-04-27 10:30:11,794 - INFO - Extracted 20 frames for reconstruction.
2026-04-27 10:30:11,794 - INFO - Executing Optimized SfM pipeline...
2026-04-27 10:30:11,794 - INFO - Filtering blurry frames before SfM...
2026-04-27 10:30:12,268 - INFO - Removed 3 blurry frames.
2026-04-27 10:31:15,407 - INFO - Raw MRE: 0.5397 px
2026-04-27 10:31:15,407 - INFO - Filtered MRE (<3.0px): 0.5397 px
2026-04-27 10:31:15,407 - INFO - Successful reconstruction with 1181 points.
2026-04-27 10:31:15,864 - INFO - Fusing semantic detections with triangulated 3D points...
2026-04-27 10:31:18,490 - DEBUG - Discarding detection for keyboard due to insufficient geometric support.
2026-04-27 10:31:18,619 - DEBUG - Discarding detection for chair due to insufficient geometric support.
2026-04-27 10:31:18,913 - INFO - Exported quantitative results to sci_results\out_Imgs\quantitative_results.json
2026-04-27 10:31:42,677 - INFO - PIPELINE START: Scientific Integrity Enforcement Enabled.
2026-04-27 10:31:42,718 - INFO - Attempting reconstruction (Attempt 1/2, Sampling: 10)...
2026-04-27 10:31:43,179 - INFO - Extracted 20 frames for reconstruction.
2026-04-27 10:31:43,181 - INFO - Executing Optimized SfM pipeline...
2026-04-27 10:31:43,181 - INFO - Filtering blurry frames before SfM...
2026-04-27 10:31:43,622 - INFO - Removed 3 blurry frames.
2026-04-27 10:32:45,013 - INFO - Raw MRE: 0.5192 px
2026-04-27 10:32:45,013 - INFO - Filtered MRE (<3.0px): 0.5192 px
2026-04-27 10:32:45,013 - INFO - Successful reconstruction with 1251 points.
2026-04-27 10:32:45,493 - INFO - Fusing semantic detections with triangulated 3D points...
2026-04-27 10:32:48,150 - DEBUG - Discarding detection for keyboard due to insufficient geometric support.
2026-04-27 10:32:48,282 - DEBUG - Discarding detection for chair due to insufficient geometric support.
2026-04-27 10:32:48,591 - INFO - Exported quantitative results to sci_results\out_Imgs\quantitative_results.json
2026-04-27 10:35:28,294 - INFO - Saved chatbot query examples to sci_results\out_Imgs\chatbot_queries.json
2026-04-27 10:35:34,160 - INFO - PIPELINE START: Scientific Integrity Enforcement Enabled.
2026-04-27 10:35:34,236 - INFO - Attempting reconstruction (Attempt 1/2, Sampling: 10)...
2026-04-27 10:35:34,707 - INFO - Extracted 20 frames for reconstruction.
2026-04-27 10:35:34,707 - INFO - Executing Optimized SfM pipeline...
2026-04-27 10:35:34,707 - INFO - Filtering blurry frames before SfM...
2026-04-27 10:35:35,146 - INFO - Removed 3 blurry frames.
2026-04-27 10:36:26,668 - INFO - Raw MRE: 1.1522 px
2026-04-27 10:36:26,669 - INFO - Filtered MRE (<3.0px): 1.1477 px
2026-04-27 10:36:26,669 - INFO - Successful reconstruction with 11476 points.
2026-04-27 10:36:27,194 - INFO - Fusing semantic detections with triangulated 3D points...
2026-04-27 10:36:29,887 - DEBUG - Discarding detection for mouse due to insufficient geometric support.
2026-04-27 10:36:30,580 - INFO - Exported quantitative results to sci_results\out_Imgs\quantitative_results.json
2026-04-27 10:39:45,158 - INFO - PIPELINE START: Scientific Integrity Enforcement Enabled.
2026-04-27 10:39:45,207 - INFO - Attempting reconstruction (Attempt 1/2, Sampling: 10)...
2026-04-27 10:39:45,680 - INFO - Extracted 20 frames for reconstruction.
2026-04-27 10:39:45,680 - INFO - Executing Optimized SfM pipeline...
2026-04-27 10:39:45,680 - INFO - Filtering blurry frames before SfM...
2026-04-27 10:39:46,116 - INFO - Removed 3 blurry frames.
2026-04-27 10:40:49,272 - INFO - Raw MRE: 0.4639 px
2026-04-27 10:40:49,272 - INFO - Filtered MRE (<3.0px): 0.4639 px
2026-04-27 10:40:49,272 - INFO - Successful reconstruction with 1220 points.
2026-04-27 10:40:49,718 - INFO - Fusing semantic detections with triangulated 3D points...
2026-04-27 10:40:52,474 - DEBUG - Discarding detection for keyboard due to insufficient geometric support.
2026-04-27 10:40:52,600 - DEBUG - Discarding detection for chair due to insufficient geometric support.
2026-04-27 10:40:52,927 - INFO - Exported quantitative results to sci_results\out_Imgs\quantitative_results.json
2026-04-27 10:42:12,550 - INFO - Saved chatbot query examples to sci_results\out_Imgs\chatbot_queries.json
2026-04-27 10:42:18,145 - INFO - PIPELINE START: Scientific Integrity Enforcement Enabled.
2026-04-27 10:42:18,192 - INFO - Attempting reconstruction (Attempt 1/2, Sampling: 10)...
2026-04-27 10:42:18,672 - INFO - Extracted 20 frames for reconstruction.
2026-04-27 10:42:18,675 - INFO - Executing Optimized SfM pipeline...
2026-04-27 10:42:18,675 - INFO - Filtering blurry frames before SfM...
2026-04-27 10:42:19,124 - INFO - Removed 3 blurry frames.
2026-04-27 10:43:22,014 - INFO - Raw MRE: 0.7363 px
2026-04-27 10:43:22,015 - INFO - Filtered MRE (<3.0px): 0.7363 px
2026-04-27 10:43:22,015 - INFO - Successful reconstruction with 1787 points.
2026-04-27 10:43:22,472 - INFO - Fusing semantic detections with triangulated 3D points...
2026-04-27 10:43:25,094 - DEBUG - Discarding detection for keyboard due to insufficient geometric support.
2026-04-27 10:43:25,409 - INFO - Exported quantitative results to sci_results\out_Imgs\quantitative_results.json
2026-04-27 10:43:34,265 - INFO - Saved chatbot query examples to sci_results\out_Imgs\chatbot_queries.json
2026-04-27 10:43:43,351 - INFO - PIPELINE START: Scientific Integrity Enforcement Enabled.
2026-04-27 10:43:43,396 - INFO - Attempting reconstruction (Attempt 1/2, Sampling: 10)...
2026-04-27 10:43:43,871 - INFO - Extracted 20 frames for reconstruction.
2026-04-27 10:43:43,872 - INFO - Executing Optimized SfM pipeline...
2026-04-27 10:43:43,872 - INFO - Filtering blurry frames before SfM...
2026-04-27 10:43:44,289 - INFO - Removed 3 blurry frames.
2026-04-27 10:44:37,098 - INFO - Raw MRE: 0.5517 px
2026-04-27 10:44:37,098 - INFO - Filtered MRE (<3.0px): 0.5517 px
2026-04-27 10:44:37,098 - INFO - Successful reconstruction with 1108 points.
2026-04-27 10:44:37,532 - INFO - Fusing semantic detections with triangulated 3D points...
2026-04-27 10:44:40,209 - DEBUG - Discarding detection for keyboard due to insufficient geometric support.
2026-04-27 10:44:40,538 - INFO - Exported quantitative results to sci_results\out_Imgs\quantitative_results.json
2026-04-27 10:45:05,804 - INFO - Saved chatbot query examples to sci_results\out_Imgs\chatbot_queries.json
2026-04-27 10:45:40,682 - INFO - PIPELINE START: Scientific Integrity Enforcement Enabled.
2026-04-27 10:45:40,726 - INFO - Attempting reconstruction (Attempt 1/2, Sampling: 10)...
2026-04-27 10:45:41,187 - INFO - Extracted 20 frames for reconstruction.
2026-04-27 10:45:41,187 - INFO - Executing Optimized SfM pipeline...
2026-04-27 10:45:41,187 - INFO - Filtering blurry frames before SfM...
2026-04-27 10:45:41,666 - INFO - Removed 3 blurry frames.
2026-04-27 10:46:48,432 - WARNING - No 3D points found in reconstruction.
2026-04-27 10:46:48,432 - WARNING - Insufficient reconstruction (0 points).
2026-04-27 10:46:48,432 - INFO - Increasing frame density to 5...
2026-04-27 10:46:48,432 - INFO - Attempting reconstruction (Attempt 2/2, Sampling: 5)...
2026-04-27 10:46:49,032 - INFO - Extracted 39 frames for reconstruction.
2026-04-27 10:46:49,037 - INFO - Executing Optimized SfM pipeline...
2026-04-27 10:46:49,037 - INFO - Filtering blurry frames before SfM...
2026-04-27 10:46:49,915 - INFO - Removed 6 blurry frames.
2026-04-27 10:49:11,091 - INFO - Raw MRE: 1.2399 px
2026-04-27 10:49:11,092 - INFO - Filtered MRE (<3.0px): 1.2339 px
2026-04-27 10:49:11,092 - INFO - Successful reconstruction with 19946 points.
2026-04-27 10:49:11,800 - INFO - Fusing semantic detections with triangulated 3D points...
2026-04-27 10:49:15,909 - INFO - Exported quantitative results to sci_results\out_Imgs\quantitative_results.json
