2026-02-27 00:32:49,393 - INFO - --- Initializing Enhanced 3D Semantic Pipeline ---
2026-02-27 00:32:49,457 - INFO - YOLOv8 initialized on cpu.
2026-02-27 00:32:50,064 - INFO - Extracted 20 frames.
2026-02-27 00:32:50,064 - INFO - Executing SfM pipeline...
2026-02-27 00:32:50,073 - WARNING - SfM failed: [WinError 2] The system cannot find the file specified. Using simulated geometry fallback.
2026-02-27 00:32:50,073 - INFO - Processing 20 frames for semantic fusion...
2026-02-27 00:32:53,821 - INFO - Generating Qualitative & Quantitative Reports...
2026-02-27 00:32:53,825 - INFO - Pipeline complete. Artifacts saved to: research_output
2026-02-27 00:42:57,108 - INFO - --- Initializing Enhanced 3D Semantic Pipeline ---
2026-02-27 00:42:57,177 - INFO - YOLOv8 initialized on cpu.
2026-02-27 00:42:58,075 - INFO - Extracted 20 frames.
2026-02-27 00:42:58,075 - INFO - Executing SfM pipeline...
2026-02-27 00:42:58,083 - WARNING - SfM failed: [WinError 2] The system cannot find the file specified. Using simulated geometry fallback.
2026-02-27 00:42:58,083 - INFO - Processing 20 frames for semantic fusion...
2026-02-27 00:43:02,604 - INFO - Generating Qualitative & Quantitative Reports...
2026-02-27 00:43:02,610 - INFO - Pipeline complete. Artifacts saved to: research_output
2026-02-27 00:44:21,180 - INFO - --- Initializing Enhanced 3D Semantic Pipeline ---
2026-02-27 00:44:21,260 - INFO - YOLOv8 initialized on cpu.
2026-02-27 00:44:21,834 - INFO - Extracted 20 frames.
2026-02-27 00:44:21,834 - INFO - Executing SfM pipeline...
2026-02-27 00:46:43,404 - INFO - SfM reconstruction successful.
2026-02-27 00:46:43,405 - INFO - Processing 20 frames for semantic fusion...
2026-02-27 00:46:47,514 - INFO - Generating Qualitative & Quantitative Reports...
2026-02-27 00:46:47,528 - INFO - Pipeline complete. Artifacts saved to: research_output
